[22:34:29] -> Inicío da importação!
[22:34:29] -> Erro na leitura da linha: 22 - Erro: String '000000000011' was not recognized as a valid DateTime.
[22:34:29] -> Total de linhas processadas: 23
[22:34:29] -> Total de linhas com erro: 1
[22:34:29] -> Fim da importação!
[22:40:08] -> Inicío da importação!
[22:40:08] -> Erro na leitura da linha: 22 - Erro: String '000000000011' was not recognized as a valid DateTime.
[22:40:08] -> Total de linhas processadas: 23
[22:40:08] -> Total de linhas com erro: 1
[22:40:08] -> Fim da importação!
[22:42:42] -> Inicío da importação!
[22:42:42] -> Erro na leitura da linha: 22 - Erro: String '000000000011' was not recognized as a valid DateTime.
[22:42:42] -> Total de linhas processadas: 23
[22:42:42] -> Total de linhas com erro: 1
[22:42:42] -> Fim da importação!
[22:44:27] -> Inicío da importação!
[22:44:27] -> Erro na leitura da linha: 22 - Erro: String '000000000011' was not recognized as a valid DateTime.
[22:44:27] -> Total de linhas processadas: 23
[22:44:27] -> Total de linhas com erro: 1
[22:44:27] -> Fim da importação!
[22:46:09] -> Inicío da importação!
[22:46:09] -> Erro na leitura da linha: 22 - Erro: String '000000000011' was not recognized as a valid DateTime.
[22:46:09] -> Total de linhas processadas: 23
[22:46:09] -> Total de linhas com erro: 1
[22:46:09] -> Fim da importação!
[22:47:01] -> Inicío da importação!
[22:47:01] -> Erro na leitura da linha: 22 - Erro: String '000000000011' was not recognized as a valid DateTime.
[22:47:01] -> Total de linhas processadas: 23
[22:47:01] -> Total de linhas com erro: 1
[22:47:01] -> Fim da importação!
[22:49:09] -> Inicío da importação!
[22:49:09] -> Erro na leitura da linha: 22 - Erro: String '000000000011' was not recognized as a valid DateTime.
[22:49:09] -> Total de linhas processadas: 23
[22:49:09] -> Total de linhas com erro: 1
[22:49:29] -> Inicío da importação!
[22:49:30] -> Erro na leitura da linha: 22 - Erro: String '000000000011' was not recognized as a valid DateTime.
[22:49:30] -> Total de linhas processadas: 23
[22:49:30] -> Total de linhas com erro: 1
[22:49:30] -> Fim da importação!
[22:49:57] -> Inicío da importação!
[22:49:57] -> Erro na leitura da linha: 22 - Erro: String '000000000011' was not recognized as a valid DateTime.
[22:49:57] -> Total de linhas processadas: 23
[22:49:57] -> Total de linhas com erro: 1
[22:49:57] -> Fim da importação!
[23:02:29] -> Inicío da importação!
[23:02:30] -> Erro na leitura da linha: 22 - Erro: String '000000000011' was not recognized as a valid DateTime.
[23:02:30] -> Total de linhas processadas: 23
[23:02:30] -> Total de linhas com erro: 1
[23:03:04] -> Inicío da importação!
[23:03:04] -> Erro na leitura da linha: 22 - Erro: String '000000000011' was not recognized as a valid DateTime.
[23:03:04] -> Total de linhas processadas: 23
[23:03:04] -> Total de linhas com erro: 1
[23:03:04] -> Fim da importação!
[23:03:54] -> Inicío da importação!
[23:03:54] -> Erro na leitura da linha: 22 - Erro: String '000000000011' was not recognized as a valid DateTime.
[23:03:54] -> Total de linhas processadas: 23
[23:03:54] -> Total de linhas com erro: 1
[23:03:54] -> Fim da importação!
[23:10:48] -> Inicío da importação!
[23:10:48] -> Erro na leitura da linha: 22 - Erro: String '000000000011' was not recognized as a valid DateTime.
[23:10:48] -> Total de linhas processadas: 23
[23:10:48] -> Total de linhas com erro: 1
[23:10:50] -> Fim da importação!
[23:12:02] -> Inicío da importação!
[23:12:02] -> Erro na leitura da linha: 22 - Erro: String '000000000011' was not recognized as a valid DateTime.
[23:12:02] -> Total de linhas processadas: 23
[23:12:02] -> Total de linhas com erro: 1
[23:12:03] -> Fim da importação!
[23:12:35] -> Inicío da importação!
[23:12:35] -> Erro na leitura da linha: 22 - Erro: String '000000000011' was not recognized as a valid DateTime.
[23:12:35] -> Total de linhas processadas: 23
[23:12:35] -> Total de linhas com erro: 1
[23:12:36] -> Fim da importação!
[23:13:00] -> Inicío da importação!
[23:13:00] -> Erro na leitura da linha: 22 - Erro: String '000000000011' was not recognized as a valid DateTime.
[23:13:00] -> Total de linhas processadas: 23
[23:13:00] -> Total de linhas com erro: 1
[23:13:02] -> Fim da importação!
[23:13:39] -> Inicío da importação!
[23:13:39] -> Erro na leitura da linha: 22 - Erro: String '000000000011' was not recognized as a valid DateTime.
[23:13:39] -> Total de linhas processadas: 23
[23:13:39] -> Total de linhas com erro: 1
[23:13:41] -> Fim da importação!
[23:14:06] -> Inicío da importação!
[23:14:06] -> Erro na leitura da linha: 22 - Erro: String '000000000011' was not recognized as a valid DateTime.
[23:14:06] -> Total de linhas processadas: 23
[23:14:06] -> Total de linhas com erro: 1
[23:14:07] -> Fim da importação!
[23:24:44] -> Inicío da importação!
[23:24:44] -> Erro na leitura da linha: 22 - Erro: String '000000000011' was not recognized as a valid DateTime.
[23:24:45] -> Total de linhas processadas: 23
[23:24:45] -> Total de linhas com erro: 1
[23:25:39] -> Inicío da importação!
[23:25:39] -> Erro na leitura da linha: 22 - Erro: String '000000000011' was not recognized as a valid DateTime.
[23:25:39] -> Total de linhas processadas: 23
[23:25:39] -> Total de linhas com erro: 1
[23:25:39] -> Fim da importação!
[23:26:15] -> Inicío da importação!
[23:26:15] -> Erro na leitura da linha: 22 - Erro: String '000000000011' was not recognized as a valid DateTime.
[23:26:15] -> Total de linhas processadas: 23
[23:26:15] -> Total de linhas com erro: 1
[23:26:15] -> Fim da importação!
[23:26:37] -> Inicío da importação!
[23:26:37] -> Erro na leitura da linha: 22 - Erro: String '000000000011' was not recognized as a valid DateTime.
[23:26:37] -> Total de linhas processadas: 23
[23:26:37] -> Total de linhas com erro: 1
[23:28:25] -> Inicío da importação!
[23:28:25] -> Erro na leitura da linha: 22 - Erro: String '000000000011' was not recognized as a valid DateTime.
[23:28:25] -> Total de linhas processadas: 23
[23:28:25] -> Total de linhas com erro: 1
[23:28:26] -> Fim da importação!
[23:29:34] -> Inicío da importação!
[23:29:35] -> Erro na leitura da linha: 22 - Erro: String '000000000011' was not recognized as a valid DateTime.
[23:29:35] -> Total de linhas processadas: 23
[23:29:35] -> Total de linhas com erro: 1
[23:29:35] -> Fim da importação!
[23:31:58] -> Inicío da importação!
[23:37:43] -> Inicío da importação!
[23:37:44] -> Erro na leitura da linha: 22 - Erro: String '000000000011' was not recognized as a valid DateTime.
[23:37:44] -> Total de linhas processadas: 23
[23:37:44] -> Total de linhas com erro: 1
[23:37:44] -> Fim da importação!
[23:38:21] -> Inicío da importação!
[23:38:21] -> Erro na leitura da linha: 22 - Erro: String '000000000011' was not recognized as a valid DateTime.
[23:38:21] -> Total de linhas processadas: 23
[23:38:21] -> Total de linhas com erro: 1
[23:38:21] -> Fim da importação!
[23:39:40] -> Inicío da importação!
[23:39:40] -> Erro na leitura da linha: 22 - Erro: String '000000000011' was not recognized as a valid DateTime.
[23:39:40] -> Total de linhas processadas: 23
[23:39:40] -> Total de linhas com erro: 1
[23:39:40] -> Fim da importação!
[23:41:20] -> Inicío da importação!
[23:41:20] -> Erro na leitura da linha: 22 - Erro: String '000000000011' was not recognized as a valid DateTime.
[23:41:20] -> Total de linhas processadas: 23
[23:41:20] -> Total de linhas com erro: 1
[23:41:20] -> Fim da importação!
[23:42:02] -> Inicío da importação!
[23:42:02] -> Erro na leitura da linha: 22 - Erro: String '000000000011' was not recognized as a valid DateTime.
[23:42:02] -> Total de linhas processadas: 23
[23:42:02] -> Total de linhas com erro: 1
[23:42:02] -> Fim da importação!
[23:43:20] -> Inicío da importação!
[23:43:20] -> Erro na leitura da linha: 22 - Erro: String '000000000011' was not recognized as a valid DateTime.
[23:43:20] -> Total de linhas processadas: 23
[23:43:20] -> Total de linhas com erro: 1
[23:43:20] -> Fim da importação!
[23:44:22] -> Inicío da importação!
[23:44:23] -> Erro na leitura da linha: 22 - Erro: String '000000000011' was not recognized as a valid DateTime.
[23:44:23] -> Total de linhas processadas: 23
[23:44:23] -> Total de linhas com erro: 1
[23:44:23] -> Fim da importação!
[23:45:13] -> Inicío da importação!
[23:45:13] -> Erro na leitura da linha: 22 - Erro: String '000000000011' was not recognized as a valid DateTime.
[23:45:13] -> Total de linhas processadas: 23
[23:45:13] -> Total de linhas com erro: 1
[23:45:13] -> Fim da importação!
